2025-04-22 10:26:13,265 [    570]   WARN - c.i.o.u.r.overrides - Conflicting registry key definition for key kotlin.mpp.tests.force.gradle: it was defined by plugin org.jetbrains.kotlin but redefined by plugin org.jetbrains.kotlin. Consider adding overrides="true" for one of the plugins, see the documentation for com.intellij.openapi.util.registry.RegistryKeyBean.overrides for more details.
2025-04-22 10:26:13,415 [    720]   WARN - #c.i.i.s.p.i.BundledSharedIndexProvider - Bundled shared index is not found at: /home/marko.durakov/install/idea-IC-243.26053.27/jdk-shared-indexes
2025-04-22 10:26:14,416 [   1721]   WARN - #c.i.s.ComponentManagerImpl - `preload=NOT_HEADLESS` must be used only for core services (service=org.jetbrains.kotlin.idea.search.refIndex.KotlinCompilerReferenceIndexService, plugin=org.jetbrains.kotlin)
2025-04-22 10:26:14,416 [   1721]   WARN - #c.i.s.ComponentManagerImpl - `preload=TRUE` must be used only for core services (service=org.jetbrains.idea.maven.project.MavenProjectsManagerEx, plugin=org.jetbrains.idea.maven)
2025-04-22 10:26:14,416 [   1721]   WARN - #c.i.s.ComponentManagerImpl - `preload=TRUE` must be used only for core services (service=org.jetbrains.idea.maven.navigator.MavenProjectsNavigator, plugin=org.jetbrains.idea.maven)
2025-04-22 10:26:14,417 [   1722]   WARN - #c.i.s.ComponentManagerImpl - `preload=TRUE` must be used only for core services (service=org.jetbrains.idea.maven.tasks.MavenShortcutsManager, plugin=org.jetbrains.idea.maven)
2025-04-22 10:26:14,417 [   1722]   WARN - #c.i.s.ComponentManagerImpl - `preload=NOT_HEADLESS` must be used only for core services (service=com.jetbrains.rdserver.toolWindow.BackendServerToolWindowManager, plugin=com.jetbrains.codeWithMe)
2025-04-22 10:26:14,417 [   1722]   WARN - #c.i.s.ComponentManagerImpl - `preload=TRUE` must be used only for core services (service=com.intellij.cwm.plugin.users.BackendUserManager, plugin=com.jetbrains.codeWithMe)
2025-04-22 10:26:14,417 [   1722]   WARN - #c.i.s.ComponentManagerImpl - `preload=TRUE` must be used only for core services (service=com.intellij.cwm.plugin.ports.CwmPortForwardingToolWindowManager, plugin=com.jetbrains.codeWithMe)
2025-04-22 10:26:14,417 [   1722]   WARN - #c.i.s.ComponentManagerImpl - `preload=TRUE` must be used only for core services (service=com.intellij.cwm.plugin.following.FollowMeManagerService, plugin=com.jetbrains.codeWithMe)
2025-04-22 10:26:18,936 [   6241]   WARN - #c.i.o.v.ExternallyAddedFilesProcessorImpl - Cannot find project config directory for non-default and non-directory based project backend
2025-04-22 10:27:12,444 [  59749]   WARN - #c.i.s.ComponentManagerImpl - `preload=NOT_HEADLESS` must be used only for core services (service=org.jetbrains.kotlin.idea.search.refIndex.KotlinCompilerReferenceIndexService, plugin=org.jetbrains.kotlin)
2025-04-22 10:27:12,444 [  59749]   WARN - #c.i.s.ComponentManagerImpl - `preload=TRUE` must be used only for core services (service=org.jetbrains.idea.maven.project.MavenProjectsManagerEx, plugin=org.jetbrains.idea.maven)
2025-04-22 10:27:12,444 [  59749]   WARN - #c.i.s.ComponentManagerImpl - `preload=TRUE` must be used only for core services (service=org.jetbrains.idea.maven.navigator.MavenProjectsNavigator, plugin=org.jetbrains.idea.maven)
2025-04-22 10:27:12,444 [  59749]   WARN - #c.i.s.ComponentManagerImpl - `preload=TRUE` must be used only for core services (service=org.jetbrains.idea.maven.tasks.MavenShortcutsManager, plugin=org.jetbrains.idea.maven)
2025-04-22 10:27:12,444 [  59749]   WARN - #c.i.s.ComponentManagerImpl - `preload=NOT_HEADLESS` must be used only for core services (service=com.jetbrains.rdserver.toolWindow.BackendServerToolWindowManager, plugin=com.jetbrains.codeWithMe)
2025-04-22 10:27:12,445 [  59750]   WARN - #c.i.s.ComponentManagerImpl - `preload=TRUE` must be used only for core services (service=com.intellij.cwm.plugin.users.BackendUserManager, plugin=com.jetbrains.codeWithMe)
2025-04-22 10:27:12,445 [  59750]   WARN - #c.i.s.ComponentManagerImpl - `preload=TRUE` must be used only for core services (service=com.intellij.cwm.plugin.ports.CwmPortForwardingToolWindowManager, plugin=com.jetbrains.codeWithMe)
2025-04-22 10:27:12,445 [  59750]   WARN - #c.i.s.ComponentManagerImpl - `preload=TRUE` must be used only for core services (service=com.intellij.cwm.plugin.following.FollowMeManagerService, plugin=com.jetbrains.codeWithMe)
2025-04-22 10:33:28,200 [ 435505]   WARN - org.apache.velocity.deprecation - configuration key 'resource.loader' has been deprecated in favor of 'resource.loaders'
2025-04-22 10:33:28,201 [ 435506]   WARN - org.apache.velocity.deprecation - configuration key 'includes.resource.loader.instance' has been deprecated in favor of 'resource.loader.includes.instance'
2025-04-22 10:36:34,140 [ 621445]   WARN - com.github.benmanes.caffeine.cache.LocalAsyncCache - Exception thrown during asynchronous load
java.util.concurrent.CompletionException: java.net.UnknownHostException: www.jetbrains.com
	at com.github.benmanes.caffeine.cache.CacheLoader.lambda$asyncLoad$0(CacheLoader.java:107)
	at java.base/java.util.concurrent.CompletableFuture$AsyncSupply.run(CompletableFuture.java:1768)
	at java.base/java.util.concurrent.CompletableFuture$AsyncSupply.exec(CompletableFuture.java:1760)
	at java.base/java.util.concurrent.ForkJoinTask.doExec(ForkJoinTask.java:507)
	at java.base/java.util.concurrent.ForkJoinPool$WorkQueue.topLevelExec(ForkJoinPool.java:1491)
	at java.base/java.util.concurrent.ForkJoinPool.scan(ForkJoinPool.java:2073)
	at java.base/java.util.concurrent.ForkJoinPool.runWorker(ForkJoinPool.java:2035)
	at java.base/java.util.concurrent.ForkJoinWorkerThread.run(ForkJoinWorkerThread.java:187)
Caused by: java.net.UnknownHostException: www.jetbrains.com
	at java.base/sun.nio.ch.NioSocketImpl.connect(NioSocketImpl.java:567)
	at java.base/java.net.SocksSocketImpl.connect(SocksSocketImpl.java:327)
	at java.base/java.net.Socket.connect(Socket.java:751)
	at java.base/sun.security.ssl.SSLSocketImpl.connect(SSLSocketImpl.java:304)
	at java.base/sun.net.NetworkClient.doConnect(NetworkClient.java:178)
	at java.base/sun.net.www.http.HttpClient.openServer(HttpClient.java:531)
	at java.base/sun.net.www.http.HttpClient.openServer(HttpClient.java:636)
	at java.base/sun.net.www.protocol.https.HttpsClient.<init>(HttpsClient.java:264)
	at java.base/sun.net.www.protocol.https.HttpsClient.New(HttpsClient.java:377)
	at java.base/sun.net.www.protocol.https.AbstractDelegateHttpsURLConnection.getNewHttpClient(AbstractDelegateHttpsURLConnection.java:193)
	at java.base/sun.net.www.protocol.http.HttpURLConnection.plainConnect0(HttpURLConnection.java:1297)
	at java.base/sun.net.www.protocol.http.HttpURLConnection.plainConnect(HttpURLConnection.java:1138)
	at java.base/sun.net.www.protocol.https.AbstractDelegateHttpsURLConnection.connect(AbstractDelegateHttpsURLConnection.java:179)
	at java.base/sun.net.www.protocol.http.HttpURLConnection.getInputStream0(HttpURLConnection.java:1690)
	at java.base/sun.net.www.protocol.http.HttpURLConnection.getInputStream(HttpURLConnection.java:1614)
	at java.base/java.net.HttpURLConnection.getResponseCode(HttpURLConnection.java:531)
	at java.base/sun.net.www.protocol.https.HttpsURLConnectionImpl.getResponseCode(HttpsURLConnectionImpl.java:307)
	at com.intellij.util.io.HttpRequests.openConnection(HttpRequests.java:626)
	at com.intellij.util.io.HttpRequests$RequestImpl.getConnection(HttpRequests.java:366)
	at com.intellij.util.io.HttpRequests$RequestImpl.doReadBytes(HttpRequests.java:442)
	at com.intellij.util.io.HttpRequests$RequestImpl.readString(HttpRequests.java:431)
	at com.intellij.util.io.RequestBuilder.lambda$readString$5(RequestBuilder.java:85)
	at com.intellij.util.io.HttpRequests.doProcess(HttpRequests.java:529)
	at com.intellij.util.io.HttpRequests.process(HttpRequests.java:511)
	at com.intellij.util.io.HttpRequests$RequestBuilderImpl.connect(HttpRequests.java:340)
	at com.intellij.util.io.RequestBuilder.readString(RequestBuilder.java:85)
	at com.intellij.util.io.RequestBuilder.readString(RequestBuilder.java:89)
	at com.intellij.ide.RegionUrlMapper.doLoadMappingOrThrow(RegionUrlMapper.java:156)
	at com.github.benmanes.caffeine.cache.CacheLoader.lambda$asyncLoad$0(CacheLoader.java:103)
	... 7 more
2025-04-22 11:08:11,192 [2518497]   WARN - #c.i.o.v.i.h.RemoteFileInfoImpl - Virtual local file not found for /home/marko.durakov/.cache/JetBrains/IdeaIC2024.3/httpFileSystem/catalog.json
2025-04-22 11:09:26,811 [2594116] SEVERE - #c.i.p.j.BuildSystemDependenciesModelBase - Failed to create expression from text: '" +\n\t\t\t"junit-platform-launcher"', resulting expression's text was: '" +\n\t\t\t"junit-platform-launcher'
java.lang.AssertionError: Failed to create expression from text: '" +\n\t\t\t"junit-platform-launcher"', resulting expression's text was: '" +\n\t\t\t"junit-platform-launcher'
	at org.jetbrains.kotlin.psi.KtPsiFactory.createExpression(KtPsiFactory.kt:102)
	at com.android.tools.idea.gradle.dsl.kotlin.KotlinDslUtilKt.createLiteral(KotlinDslUtil.kt:432)
	at com.android.tools.idea.gradle.dsl.kotlin.KotlinDslParser.convertToPsiElement(KotlinDslParser.kt:110)
	at com.android.tools.idea.gradle.dsl.parser.elements.FakeElement.lambda$createPsiElement$0(FakeElement.java:70)
	at com.intellij.openapi.application.impl.AnyThreadWriteThreadingSupport.runReadAction$lambda$4(AnyThreadWriteThreadingSupport.kt:260)
	at com.intellij.openapi.application.impl.AnyThreadWriteThreadingSupport.runReadAction(AnyThreadWriteThreadingSupport.kt:272)
	at com.intellij.openapi.application.impl.AnyThreadWriteThreadingSupport.runReadAction(AnyThreadWriteThreadingSupport.kt:260)
	at com.intellij.openapi.application.impl.ApplicationImpl.runReadAction(ApplicationImpl.java:859)
	at com.android.tools.idea.gradle.dsl.parser.elements.FakeElement.createPsiElement(FakeElement.java:70)
	at com.android.tools.idea.gradle.dsl.parser.elements.FakeElement.produceValue(FakeElement.java:130)
	at com.android.tools.idea.gradle.dsl.model.CachedValue.updateValue(CachedValue.java:68)
	at com.android.tools.idea.gradle.dsl.model.CachedValue.getValue(CachedValue.java:53)
	at com.android.tools.idea.gradle.dsl.parser.elements.GradleDslSimpleExpression.getValue(GradleDslSimpleExpression.java:78)
	at com.android.tools.idea.gradle.dsl.model.ext.GradlePropertyModelImpl.extractAndGetValueType(GradlePropertyModelImpl.java:673)
	at com.android.tools.idea.gradle.dsl.model.ext.GradlePropertyModelImpl.getValueType(GradlePropertyModelImpl.java:112)
	at com.android.tools.idea.gradle.dsl.model.ext.PropertyUtil.resolveModel(PropertyUtil.java:149)
	at com.android.tools.idea.gradle.dsl.model.ext.ResolvedPropertyModelImpl.resolveModel(ResolvedPropertyModelImpl.java:274)
	at com.android.tools.idea.gradle.dsl.model.ext.ResolvedPropertyModelImpl.getValueType(ResolvedPropertyModelImpl.java:50)
	at com.android.tools.idea.gradle.dsl.model.dependencies.ArtifactDependencyModelImpl$CompactNotationStrategy.isValidDSL(ArtifactDependencyModelImpl.java:492)
	at com.android.tools.idea.gradle.dsl.model.dependencies.ArtifactDependencyModelImpl$DynamicNotation.isValidDSL(ArtifactDependencyModelImpl.java:349)
	at com.android.tools.idea.gradle.dsl.model.dependencies.ArtifactDependencyModelImpl$DynamicNotation.create(ArtifactDependencyModelImpl.java:366)
	at com.android.tools.idea.gradle.dsl.model.dependencies.ScriptDependenciesModelImpl.lambda$getArtifactFetcher$0(ScriptDependenciesModelImpl.java:83)
	at com.android.tools.idea.gradle.dsl.model.dependencies.ScriptDependenciesModelImpl.collectFrom(ScriptDependenciesModelImpl.java:465)
	at com.android.tools.idea.gradle.dsl.model.dependencies.AbstractDependenciesModel.all(AbstractDependenciesModel.java:304)
	at com.android.tools.idea.gradle.dsl.model.dependencies.AbstractDependenciesModel.artifacts(AbstractDependenciesModel.java:121)
	at org.jetbrains.plugins.gradle.dsl.GradleDependencyModificator.declaredDependencies(GradleDependencyModificator.kt:154)
	at com.intellij.externalSystem.DependencyModifierService.declaredDependencies$lambda$2(DependencyModifierService.kt:28)
	at com.intellij.externalSystem.DependencyModifierService.read(DependencyModifierService.kt:62)
	at com.intellij.externalSystem.DependencyModifierService.declaredDependencies(DependencyModifierService.kt:27)
	at com.intellij.packageChecker.java.BuildSystemDependenciesModelBase.declaredDependenciesInModule(BuildSystemDependenciesModelBase.kt:70)
	at com.intellij.packageChecker.java.BuildSystemDependenciesModelBase.findDependencies(BuildSystemDependenciesModelBase.kt:45)
	at com.intellij.packageChecker.java.BuildSystemDependenciesModelBase.declaredDependencies$lambda$0(BuildSystemDependenciesModelBase.kt:30)
	at com.intellij.psi.util.CachedValuesManager$1.compute(CachedValuesManager.java:173)
	at com.intellij.psi.impl.AbstractPsiCachedValue.doCompute(PsiCachedValueImpl.kt:21)
	at com.intellij.util.CachedValueBase.lambda$getValueWithLock$3(CachedValueBase.java:299)
	at com.intellij.util.CachedValueBase.computeData(CachedValueBase.java:37)
	at com.intellij.util.CachedValueBase.lambda$getValueWithLock$4(CachedValueBase.java:299)
	at com.intellij.openapi.util.RecursionManager$1.computePreventingRecursion(RecursionManager.java:113)
	at com.intellij.openapi.util.RecursionGuard.doPreventingRecursion(RecursionGuard.java:29)
	at com.intellij.openapi.util.RecursionManager.doPreventingRecursion(RecursionManager.java:68)
	at com.intellij.util.CachedValueBase.getValueWithLock(CachedValueBase.java:300)
	at com.intellij.psi.impl.AbstractPsiCachedValue.getValue(PsiCachedValueImpl.kt:15)
	at com.intellij.util.CachedValuesManagerImpl.getCachedValue(CachedValuesManagerImpl.java:83)
	at com.intellij.psi.util.CachedValuesManager.getCachedValue(CachedValuesManager.java:170)
	at com.intellij.psi.util.CachedValuesManager.getCachedValue(CachedValuesManager.java:136)
	at com.intellij.packageChecker.java.BuildSystemDependenciesModelBase.declaredDependencies(BuildSystemDependenciesModelBase.kt:29)
	at com.intellij.packageChecker.service.PackageService.declaredDependencies(PackageService.kt:33)
	at com.intellij.packageChecker.inspection.MaliciousLibrariesUtilsKt.getDeclaredDependencies(MaliciousLibrariesUtils.kt:16)
	at com.intellij.packageChecker.inspection.MaliciousLibrariesLocalInspection.collectProblemDescriptors(MaliciousLibrariesLocalInspection.kt:20)
	at com.intellij.packageChecker.inspection.AbstractLocalLibrariesInspection.checkFile(AbstractLocalLibrariesInspection.kt:33)
	at com.intellij.codeInspection.LocalInspectionTool$PsiFileElementVisitor.visitFile(LocalInspectionTool.java:165)
	at org.jetbrains.kotlin.psi.KtCommonFile.accept(KtCommonFile.kt:246)
	at com.intellij.codeInsight.daemon.impl.InspectionRunner$InspectionProblemHolder.visitElement(InspectionRunner.java:577)
	at com.intellij.codeInsight.daemon.impl.InspectionRunner.lambda$processContext$18(InspectionRunner.java:404)
	at com.intellij.codeInsight.daemon.impl.InspectionVisitorOptimizer.acceptElements(InspectionVisitorOptimizer.java:216)
	at com.intellij.codeInsight.daemon.impl.InspectionRunner.processContext(InspectionRunner.java:402)
	at com.intellij.codeInsight.daemon.impl.InspectionRunner.lambda$inspect$7(InspectionRunner.java:178)
	at com.intellij.openapi.application.impl.AnyThreadWriteThreadingSupport.tryRunReadAction(AnyThreadWriteThreadingSupport.kt:333)
	at com.intellij.openapi.application.impl.ApplicationImpl.tryRunReadAction(ApplicationImpl.java:972)
	at com.intellij.codeInsight.daemon.impl.InspectionRunner.lambda$executeInImpatientReadAction$15(InspectionRunner.java:383)
	at com.intellij.util.AstLoadingFilter.forceAllowTreeLoading(AstLoadingFilter.java:158)
	at com.intellij.util.AstLoadingFilter.forceAllowTreeLoading(AstLoadingFilter.java:150)
	at com.intellij.codeInsight.daemon.impl.InspectionRunner.lambda$executeInImpatientReadAction$16(InspectionRunner.java:374)
	at com.intellij.util.AstLoadingFilter.disallowTreeLoading(AstLoadingFilter.java:129)
	at com.intellij.util.AstLoadingFilter.disallowTreeLoading(AstLoadingFilter.java:118)
	at com.intellij.codeInsight.daemon.impl.InspectionRunner.executeInImpatientReadAction(InspectionRunner.java:374)
	at com.intellij.codeInsight.daemon.impl.InspectionRunner.lambda$inspect$8(InspectionRunner.java:171)
	at com.intellij.concurrency.ApplierCompleter.processArrayItem(ApplierCompleter.java:126)
	at com.intellij.concurrency.ApplierCompleter.processArray(ApplierCompleter.java:207)
	at com.intellij.concurrency.ApplierCompleter.execAll(ApplierCompleter.java:176)
	at com.intellij.concurrency.ApplierCompleter.lambda$exec$0(ApplierCompleter.java:115)
	at com.intellij.openapi.application.impl.AnyThreadWriteThreadingSupport.tryRunReadAction(AnyThreadWriteThreadingSupport.kt:351)
	at com.intellij.openapi.application.impl.ApplicationImpl.tryRunReadAction(ApplicationImpl.java:972)
	at com.intellij.concurrency.ApplierCompleter.lambda$wrapInReadActionAndIndicator$2(ApplierCompleter.java:158)
	at com.intellij.openapi.progress.impl.CoreProgressManager.lambda$executeProcessUnderProgress$14(CoreProgressManager.java:674)
	at com.intellij.openapi.progress.impl.CoreProgressManager.registerIndicatorAndRun(CoreProgressManager.java:749)
	at com.intellij.openapi.progress.impl.CoreProgressManager.computeUnderProgress(CoreProgressManager.java:705)
	at com.intellij.openapi.progress.impl.CoreProgressManager.executeProcessUnderProgress(CoreProgressManager.java:673)
	at com.intellij.openapi.progress.impl.ProgressManagerImpl.executeProcessUnderProgress(ProgressManagerImpl.java:79)
	at com.intellij.concurrency.ApplierCompleter.wrapInReadActionAndIndicator(ApplierCompleter.java:169)
	at com.intellij.concurrency.ApplierCompleter.lambda$wrapAndRun$1(ApplierCompleter.java:150)
	at com.intellij.openapi.application.impl.AnyThreadWriteThreadingSupport.executeByImpatientReader(AnyThreadWriteThreadingSupport.kt:544)
	at com.intellij.openapi.application.impl.ApplicationImpl.executeByImpatientReader(ApplicationImpl.java:176)
	at com.intellij.concurrency.ApplierCompleter.wrapAndRun(ApplierCompleter.java:150)
	at com.intellij.concurrency.ApplierCompleter.exec(ApplierCompleter.java:118)
	at java.base/java.util.concurrent.ForkJoinTask.doExec(ForkJoinTask.java:507)
	at java.base/java.util.concurrent.ForkJoinPool$WorkQueue.topLevelExec(ForkJoinPool.java:1491)
	at java.base/java.util.concurrent.ForkJoinPool.scan(ForkJoinPool.java:2073)
	at java.base/java.util.concurrent.ForkJoinPool.runWorker(ForkJoinPool.java:2035)
	at java.base/java.util.concurrent.ForkJoinWorkerThread.run(ForkJoinWorkerThread.java:187)
2025-04-22 11:09:26,811 [2594116] SEVERE - #c.i.p.j.BuildSystemDependenciesModelBase - Failed to create expression from text: '" +\n\t\t\t"junit-platform-launcher"', resulting expression's text was: '" +\n\t\t\t"junit-platform-launcher'
java.lang.AssertionError: Failed to create expression from text: '" +\n\t\t\t"junit-platform-launcher"', resulting expression's text was: '" +\n\t\t\t"junit-platform-launcher'
	at org.jetbrains.kotlin.psi.KtPsiFactory.createExpression(KtPsiFactory.kt:102)
	at com.android.tools.idea.gradle.dsl.kotlin.KotlinDslUtilKt.createLiteral(KotlinDslUtil.kt:432)
	at com.android.tools.idea.gradle.dsl.kotlin.KotlinDslParser.convertToPsiElement(KotlinDslParser.kt:110)
	at com.android.tools.idea.gradle.dsl.parser.elements.FakeElement.lambda$createPsiElement$0(FakeElement.java:70)
	at com.intellij.openapi.application.impl.AnyThreadWriteThreadingSupport.runReadAction$lambda$4(AnyThreadWriteThreadingSupport.kt:260)
	at com.intellij.openapi.application.impl.AnyThreadWriteThreadingSupport.runReadAction(AnyThreadWriteThreadingSupport.kt:272)
	at com.intellij.openapi.application.impl.AnyThreadWriteThreadingSupport.runReadAction(AnyThreadWriteThreadingSupport.kt:260)
	at com.intellij.openapi.application.impl.ApplicationImpl.runReadAction(ApplicationImpl.java:859)
	at com.android.tools.idea.gradle.dsl.parser.elements.FakeElement.createPsiElement(FakeElement.java:70)
	at com.android.tools.idea.gradle.dsl.parser.elements.FakeElement.produceValue(FakeElement.java:130)
	at com.android.tools.idea.gradle.dsl.model.CachedValue.updateValue(CachedValue.java:68)
	at com.android.tools.idea.gradle.dsl.model.CachedValue.getValue(CachedValue.java:53)
	at com.android.tools.idea.gradle.dsl.parser.elements.GradleDslSimpleExpression.getValue(GradleDslSimpleExpression.java:78)
	at com.android.tools.idea.gradle.dsl.model.ext.GradlePropertyModelImpl.extractAndGetValueType(GradlePropertyModelImpl.java:673)
	at com.android.tools.idea.gradle.dsl.model.ext.GradlePropertyModelImpl.getValueType(GradlePropertyModelImpl.java:112)
	at com.android.tools.idea.gradle.dsl.model.ext.PropertyUtil.resolveModel(PropertyUtil.java:149)
	at com.android.tools.idea.gradle.dsl.model.ext.ResolvedPropertyModelImpl.resolveModel(ResolvedPropertyModelImpl.java:274)
	at com.android.tools.idea.gradle.dsl.model.ext.ResolvedPropertyModelImpl.getValueType(ResolvedPropertyModelImpl.java:50)
	at com.android.tools.idea.gradle.dsl.model.dependencies.ArtifactDependencyModelImpl$CompactNotationStrategy.isValidDSL(ArtifactDependencyModelImpl.java:492)
	at com.android.tools.idea.gradle.dsl.model.dependencies.ArtifactDependencyModelImpl$DynamicNotation.isValidDSL(ArtifactDependencyModelImpl.java:349)
	at com.android.tools.idea.gradle.dsl.model.dependencies.ArtifactDependencyModelImpl$DynamicNotation.create(ArtifactDependencyModelImpl.java:366)
	at com.android.tools.idea.gradle.dsl.model.dependencies.ScriptDependenciesModelImpl.lambda$getArtifactFetcher$0(ScriptDependenciesModelImpl.java:83)
	at com.android.tools.idea.gradle.dsl.model.dependencies.ScriptDependenciesModelImpl.collectFrom(ScriptDependenciesModelImpl.java:465)
	at com.android.tools.idea.gradle.dsl.model.dependencies.AbstractDependenciesModel.all(AbstractDependenciesModel.java:304)
	at com.android.tools.idea.gradle.dsl.model.dependencies.AbstractDependenciesModel.artifacts(AbstractDependenciesModel.java:121)
	at org.jetbrains.plugins.gradle.dsl.GradleDependencyModificator.declaredDependencies(GradleDependencyModificator.kt:154)
	at com.intellij.externalSystem.DependencyModifierService.declaredDependencies$lambda$2(DependencyModifierService.kt:28)
	at com.intellij.externalSystem.DependencyModifierService.read(DependencyModifierService.kt:62)
	at com.intellij.externalSystem.DependencyModifierService.declaredDependencies(DependencyModifierService.kt:27)
	at com.intellij.packageChecker.java.BuildSystemDependenciesModelBase.declaredDependenciesInModule(BuildSystemDependenciesModelBase.kt:70)
	at com.intellij.packageChecker.java.BuildSystemDependenciesModelBase.findDependencies(BuildSystemDependenciesModelBase.kt:45)
	at com.intellij.packageChecker.java.BuildSystemDependenciesModelBase.declaredDependencies$lambda$0(BuildSystemDependenciesModelBase.kt:30)
	at com.intellij.psi.util.CachedValuesManager$1.compute(CachedValuesManager.java:173)
	at com.intellij.psi.impl.AbstractPsiCachedValue.doCompute(PsiCachedValueImpl.kt:21)
	at com.intellij.util.CachedValueBase.lambda$getValueWithLock$3(CachedValueBase.java:299)
	at com.intellij.util.CachedValueBase.computeData(CachedValueBase.java:37)
	at com.intellij.util.CachedValueBase.lambda$getValueWithLock$4(CachedValueBase.java:299)
	at com.intellij.openapi.util.RecursionManager$1.computePreventingRecursion(RecursionManager.java:113)
	at com.intellij.openapi.util.RecursionGuard.doPreventingRecursion(RecursionGuard.java:29)
	at com.intellij.openapi.util.RecursionManager.doPreventingRecursion(RecursionManager.java:68)
	at com.intellij.util.CachedValueBase.getValueWithLock(CachedValueBase.java:300)
	at com.intellij.psi.impl.AbstractPsiCachedValue.getValue(PsiCachedValueImpl.kt:15)
	at com.intellij.util.CachedValuesManagerImpl.getCachedValue(CachedValuesManagerImpl.java:83)
	at com.intellij.psi.util.CachedValuesManager.getCachedValue(CachedValuesManager.java:170)
	at com.intellij.psi.util.CachedValuesManager.getCachedValue(CachedValuesManager.java:136)
	at com.intellij.packageChecker.java.BuildSystemDependenciesModelBase.declaredDependencies(BuildSystemDependenciesModelBase.kt:29)
	at com.intellij.packageChecker.service.PackageService.declaredDependencies(PackageService.kt:33)
	at com.intellij.packageChecker.inspection.VulnerableLibrariesLocalInspection.collectProblemDescriptors(VulnerableLibrariesLocalInspection.kt:70)
	at com.intellij.packageChecker.inspection.AbstractLocalLibrariesInspection.checkFile(AbstractLocalLibrariesInspection.kt:33)
	at com.intellij.codeInspection.LocalInspectionTool$PsiFileElementVisitor.visitFile(LocalInspectionTool.java:165)
	at org.jetbrains.kotlin.psi.KtCommonFile.accept(KtCommonFile.kt:246)
	at com.intellij.codeInsight.daemon.impl.InspectionRunner$InspectionProblemHolder.visitElement(InspectionRunner.java:577)
	at com.intellij.codeInsight.daemon.impl.InspectionRunner.lambda$processContext$18(InspectionRunner.java:404)
	at com.intellij.codeInsight.daemon.impl.InspectionVisitorOptimizer.acceptElements(InspectionVisitorOptimizer.java:216)
	at com.intellij.codeInsight.daemon.impl.InspectionRunner.processContext(InspectionRunner.java:402)
	at com.intellij.codeInsight.daemon.impl.InspectionRunner.lambda$inspect$7(InspectionRunner.java:178)
	at com.intellij.openapi.application.impl.AnyThreadWriteThreadingSupport.tryRunReadAction(AnyThreadWriteThreadingSupport.kt:333)
	at com.intellij.openapi.application.impl.ApplicationImpl.tryRunReadAction(ApplicationImpl.java:972)
	at com.intellij.codeInsight.daemon.impl.InspectionRunner.lambda$executeInImpatientReadAction$14(InspectionRunner.java:377)
	at com.intellij.openapi.application.impl.AnyThreadWriteThreadingSupport.executeByImpatientReader(AnyThreadWriteThreadingSupport.kt:544)
	at com.intellij.openapi.application.impl.ApplicationImpl.executeByImpatientReader(ApplicationImpl.java:176)
	at com.intellij.codeInsight.daemon.impl.InspectionRunner.lambda$executeInImpatientReadAction$15(InspectionRunner.java:376)
	at com.intellij.util.AstLoadingFilter.forceAllowTreeLoading(AstLoadingFilter.java:158)
	at com.intellij.util.AstLoadingFilter.forceAllowTreeLoading(AstLoadingFilter.java:150)
	at com.intellij.codeInsight.daemon.impl.InspectionRunner.lambda$executeInImpatientReadAction$16(InspectionRunner.java:374)
	at com.intellij.util.AstLoadingFilter.disallowTreeLoading(AstLoadingFilter.java:129)
	at com.intellij.util.AstLoadingFilter.disallowTreeLoading(AstLoadingFilter.java:118)
	at com.intellij.codeInsight.daemon.impl.InspectionRunner.executeInImpatientReadAction(InspectionRunner.java:374)
	at com.intellij.codeInsight.daemon.impl.InspectionRunner.lambda$inspect$8(InspectionRunner.java:171)
	at com.intellij.concurrency.ApplierCompleter.processArrayItem(ApplierCompleter.java:126)
	at com.intellij.concurrency.ApplierCompleter.processArray(ApplierCompleter.java:207)
	at com.intellij.concurrency.ApplierCompleter.execAll(ApplierCompleter.java:176)
	at com.intellij.concurrency.ApplierCompleter.lambda$exec$0(ApplierCompleter.java:115)
	at com.intellij.openapi.application.impl.AnyThreadWriteThreadingSupport.tryRunReadAction(AnyThreadWriteThreadingSupport.kt:351)
	at com.intellij.openapi.application.impl.ApplicationImpl.tryRunReadAction(ApplicationImpl.java:972)
	at com.intellij.concurrency.ApplierCompleter.lambda$wrapInReadActionAndIndicator$2(ApplierCompleter.java:158)
	at com.intellij.openapi.progress.impl.CoreProgressManager.lambda$executeProcessUnderProgress$14(CoreProgressManager.java:674)
	at com.intellij.openapi.progress.impl.CoreProgressManager.registerIndicatorAndRun(CoreProgressManager.java:749)
	at com.intellij.openapi.progress.impl.CoreProgressManager.computeUnderProgress(CoreProgressManager.java:705)
	at com.intellij.openapi.progress.impl.CoreProgressManager.executeProcessUnderProgress(CoreProgressManager.java:673)
	at com.intellij.openapi.progress.impl.ProgressManagerImpl.executeProcessUnderProgress(ProgressManagerImpl.java:79)
	at com.intellij.concurrency.ApplierCompleter.wrapInReadActionAndIndicator(ApplierCompleter.java:169)
	at com.intellij.concurrency.ApplierCompleter.lambda$wrapAndRun$1(ApplierCompleter.java:150)
	at com.intellij.openapi.application.impl.AnyThreadWriteThreadingSupport.executeByImpatientReader(AnyThreadWriteThreadingSupport.kt:544)
	at com.intellij.openapi.application.impl.ApplicationImpl.executeByImpatientReader(ApplicationImpl.java:176)
	at com.intellij.concurrency.ApplierCompleter.wrapAndRun(ApplierCompleter.java:150)
	at com.intellij.concurrency.ApplierCompleter.exec(ApplierCompleter.java:118)
	at java.base/java.util.concurrent.ForkJoinTask.doExec(ForkJoinTask.java:507)
	at java.base/java.util.concurrent.ForkJoinPool$WorkQueue.topLevelExec(ForkJoinPool.java:1491)
	at java.base/java.util.concurrent.ForkJoinPool.scan(ForkJoinPool.java:2073)
	at java.base/java.util.concurrent.ForkJoinPool.runWorker(ForkJoinPool.java:2035)
	at java.base/java.util.concurrent.ForkJoinWorkerThread.run(ForkJoinWorkerThread.java:187)
2025-04-22 11:09:26,823 [2594128] SEVERE - #c.i.p.j.BuildSystemDependenciesModelBase - IntelliJ IDEA 2024.3.5  Build #IC-243.26053.27
2025-04-22 11:09:26,824 [2594129] SEVERE - #c.i.p.j.BuildSystemDependenciesModelBase - JDK: 21.0.6; VM: OpenJDK 64-Bit Server VM; Vendor: JetBrains s.r.o.
2025-04-22 11:09:26,824 [2594129] SEVERE - #c.i.p.j.BuildSystemDependenciesModelBase - OS: Linux
2025-04-22 11:09:26,825 [2594130] SEVERE - #c.i.p.j.BuildSystemDependenciesModelBase - IntelliJ IDEA 2024.3.5  Build #IC-243.26053.27
2025-04-22 11:09:26,825 [2594130] SEVERE - #c.i.p.j.BuildSystemDependenciesModelBase - JDK: 21.0.6; VM: OpenJDK 64-Bit Server VM; Vendor: JetBrains s.r.o.
2025-04-22 11:09:26,825 [2594130] SEVERE - #c.i.p.j.BuildSystemDependenciesModelBase - OS: Linux
2025-04-22 11:09:26,825 [2594130] SEVERE - #c.i.p.j.BuildSystemDependenciesModelBase - Last Action: EditorSplitLine
2025-04-22 11:09:26,827 [2594132] SEVERE - #c.i.p.j.BuildSystemDependenciesModelBase - Last Action: EditorSplitLine
2025-04-22 11:22:08,955 [3356260]   WARN - #o.j.j.d.IdeaDecompiler - Inconsistent generic signature in method <init> (Ljava/lang/String;I)V in jakarta/persistence/GenerationType [jakarta/persistence/GenerationType]
2025-04-22 12:59:58,625 [9225930]   WARN - #c.i.u.Alarm - Do not create alarm without coroutineScope: com.intellij.refactoring.move.moveClassesOrPackages.DestinationFolderComboBox.<init>(DestinationFolderComboBox.java:55)
